<?xml version="1.0" encoding="UTF-8"?>
<testsuite xmlns:xsi="http://www.w3.org/2001/XMLSchema-instance" xsi:noNamespaceSchemaLocation="https://maven.apache.org/surefire/maven-surefire-plugin/xsd/surefire-test-report-3.0.xsd" version="3.0" name="com.miko.project.APIGatewayApp.ApiGatewayVerticleTest" time="1.838" tests="2" errors="0" skipped="0" failures="0">
  <properties>
[...]
</properties>
  <testcase name="aggregate_failure_when_user_api_breaks(Vertx, VertxTestContext)" classname="com.miko.project.APIGatewayApp.ApiGatewayVerticleTest" time="1.722">
    <system-out><![CDATA[HTTP server started on port 8100
]]></system-out>
  </testcase>
  <testcase name="aggregate_success(Vertx, VertxTestContext)" classname="com.miko.project.APIGatewayApp.ApiGatewayVerticleTest" time="0.083">
    <system-out><![CDATA[HTTP server started on port 8099
]]></system-out>
  </testcase>
</testsuite>